2019-04-11 16:49 +08:00: Listening on {"address":"::","family":"IPv6","port":3333}
2019-04-11 16:49 +08:00: é“¾æ¥mongodbæˆåŠŸ
2019-04-11 16:54 +08:00: Listening on {"address":"::","family":"IPv6","port":3333}
2019-04-11 16:54 +08:00: é“¾æ¥mongodbæˆåŠŸ
2019-04-11 16:56 +08:00: Listening on {"address":"::","family":"IPv6","port":3001}
2019-04-11 16:56 +08:00: é“¾æ¥mongodbæˆåŠŸ
2019-04-11 16:56 +08:00: [0m 
2019-04-11 16:56 +08:00: [31m --------------------START--------------------
2019-04-11 16:56 +08:00: [0m 
2019-04-11 16:56 +08:00: [32m #è¯·æ±‚åœ°å€: /api/user/register
2019-04-11 16:56 +08:00: [32m #è¯·æ±‚æ–¹æ³•: POST
2019-04-11 16:56 +08:00: [32m #è¯·æ±‚æ—¶é—´: Thu Apr 11 2019 16:56:07 GMT+0800 (GMT+08:00)
2019-04-11 16:56 +08:00: [32m #è¯·æ±‚BODY: 
2019-04-11 16:56 +08:00: [0m {
2019-04-11 16:56 +08:00:   "username": "admin",
2019-04-11 16:56 +08:00:   "password": "admin",
2019-04-11 16:56 +08:00:   "email": "admin@admin.c",
2019-04-11 16:56 +08:00:   "role": "1"
2019-04-11 16:56 +08:00: }
2019-04-11 16:56 +08:00: [0m 
2019-04-11 16:56 +08:00: [31m ---------------------END---------------------
2019-04-11 16:56 +08:00: [0m 
2019-04-11 16:56 +08:00: { role: 1,
2019-04-11 16:56 +08:00:   status: 0,
2019-04-11 16:56 +08:00:   _id: 5caf01275745e62fac86375a,
2019-04-11 16:56 +08:00:   username: 'admin',
2019-04-11 16:56 +08:00:   password: 'U2FsdGVkX19PeVsXO28F+uYG01TkVk/y10xajK0gevE=',
2019-04-11 16:56 +08:00:   email: 'admin@admin.c',
2019-04-11 16:56 +08:00:   salt: '9fc222935a7e654f12b3c174047a6d43',
2019-04-11 16:56 +08:00:   create_date: 2019-04-11T08:56:07.805Z,
2019-04-11 16:56 +08:00:   create_ip: '127.0.0.1' }
